<?xml version="1.0" encoding="UTF-8"?>
<!-- Generated by org.testng.reporters.JUnitReportReporter -->
<testsuite hostname="Theertha" failures="0" tests="1" name="com.actiTime.TestScript.CustomerModule" time="0.015" errors="0" timestamp="2024-01-05T12:41:27 IST" skipped="0">
  <testcase classname="com.actiTime.TestScript.CustomerModule" name="CreateCustomer" time="0.015"/>
  <system-out>
    <![CDATA[customer module]]>
  </system-out>
</testsuite> <!-- com.actiTime.TestScript.CustomerModule -->
